<?xml version="1.0" encoding="UTF-8"?>
<!-- Generated by org.testng.reporters.JUnitReportReporter -->
<testsuite skipped="0" hostname="yasirzaya" name="com.maven.project.LoginTest" tests="1" failures="0" timestamp="04 May 2019 14:59:06 GMT" time="28.975" errors="0">
  <testcase name="loginTest" time="28.975" classname="com.maven.project.LoginTest"/>
</testsuite> <!-- com.maven.project.LoginTest -->
