<?xml version="1.0" encoding="UTF-8"?>
<!-- Generated by org.testng.reporters.JUnitReportReporter -->
<testsuite skipped="0" hostname="yasirzaya" name="com.maven.project.GetTitleTest" tests="1" failures="0" timestamp="04 May 2019 15:24:59 GMT" time="51.087" errors="0">
  <testcase name="getTitleTest" time="51.087" classname="com.maven.project.GetTitleTest"/>
</testsuite> <!-- com.maven.project.GetTitleTest -->
