<?xml version="1.0" encoding="UTF-8"?>
<!-- Generated by org.testng.reporters.JUnitReportReporter -->
<testsuite skipped="0" hostname="yasirzaya" name="com.maven.project.GetText" tests="1" failures="0" timestamp="04 May 2019 15:32:40 GMT" time="16.486" errors="0">
  <testcase name="getText" time="16.486" classname="com.maven.project.GetText"/>
</testsuite> <!-- com.maven.project.GetText -->
