<?xml version="1.0" encoding="UTF-8"?>
<!-- Generated by org.testng.reporters.JUnitReportReporter -->
<testsuite skipped="0" hostname="yasirzaya" name="com.maven.project.GetTitleTest" tests="1" failures="0" timestamp="26 May 2019 08:54:01 GMT" time="40.131" errors="0">
  <testcase name="getTitleTest" time="40.131" classname="com.maven.project.GetTitleTest"/>
</testsuite> <!-- com.maven.project.GetTitleTest -->
