<?xml version="1.0" encoding="UTF-8"?>
<!-- Generated by org.testng.reporters.JUnitReportReporter -->
<testsuite skipped="0" hostname="yasirzaya" name="com.maven.project.GetTextTest" tests="1" failures="0" timestamp="04 May 2019 16:02:32 GMT" time="15.714" errors="0">
  <testcase name="getTextTest" time="15.714" classname="com.maven.project.GetTextTest"/>
</testsuite> <!-- com.maven.project.GetTextTest -->
