<?xml version="1.0" encoding="UTF-8"?>
<!-- Generated by org.testng.reporters.JUnitReportReporter -->
<testsuite skipped="0" hostname="yasirzaya" name="com.maven.project.LoginTest" tests="1" failures="0" timestamp="26 May 2019 08:54:01 GMT" time="42.019" errors="0">
  <testcase name="loginTest" time="42.019" classname="com.maven.project.LoginTest"/>
</testsuite> <!-- com.maven.project.LoginTest -->
